<?xml version="1.0" encoding="UTF-8"?>
<!-- Generated by org.testng.reporters.JUnitReportReporter -->
<testsuite hostname="anjali-pc" failures="0" tests="1" name="testdb" time="1.400" errors="0" timestamp="2021-02-08T00:44:39 IST" skipped="0">
  <testcase classname="testdb" name="dbConnect" time="1.400"/>
</testsuite> <!-- testdb -->
