<?xml version="1.0" encoding="UTF-8"?>
<!-- Generated by org.testng.reporters.JUnitReportReporter -->
<testsuite hostname="anjali-pc" failures="0" tests="1" name="testscripts.Amazon_DriverScript" time="70.437" errors="0" timestamp="2021-02-08T01:43:45 IST" skipped="0">
  <testcase classname="testscripts.Amazon_DriverScript" name="Testapp" time="70.437"/>
</testsuite> <!-- testscripts.Amazon_DriverScript -->
